<?xml version="1.0" encoding="UTF-8"?>
<!-- Generated by org.testng.reporters.JUnitXMLReporter -->
<testsuite ignored="2" hostname="DESKTOP-CP4E9UP" failures="0" tests="1" name="Car Loan" time="0.009" errors="0" timestamp="2022-08-02T11:01:27 IST">
  <testcase classname="testng_group.Car_loan" name="APILoginCarLoan" time="0.001"/>
  <testcase classname="testng_group.Car_loan" name="WebLoginCarLoan" time="0.0">
    <ignored/>
  </testcase> <!-- WebLoginCarLoan -->
  <testcase classname="testng_group.Car_loan" name="MobileLoginCarLoan" time="0.0">
    <ignored/>
  </testcase> <!-- MobileLoginCarLoan -->
</testsuite> <!-- Car Loan -->
