<?xml version="1.0" encoding="UTF-8"?>
<!-- Generated by org.testng.reporters.JUnitXMLReporter -->
<testsuite ignored="2" hostname="DESKTOP-CP4E9UP" failures="0" tests="1" name="Home Loan" time="0.007" errors="0" timestamp="2022-08-02T11:01:27 IST">
  <testcase classname="testng_group.Home_loan" name="MobileLoginHomeLoan" time="0.002"/>
  <testcase classname="testng_group.Home_loan" name="APILoginHomeLoan" time="0.0">
    <ignored/>
  </testcase> <!-- APILoginHomeLoan -->
  <testcase classname="testng_group.Home_loan" name="WebLoginHomeLoan" time="0.0">
    <ignored/>
  </testcase> <!-- WebLoginHomeLoan -->
</testsuite> <!-- Home Loan -->
