<?xml version="1.0" encoding="UTF-8"?>
<!-- Generated by org.testng.reporters.JUnitXMLReporter -->
<testsuite ignored="0" hostname="DESKTOP-CP4E9UP" failures="1" tests="2" name="Listeners" time="0.028" errors="0" timestamp="2022-08-02T13:16:12 IST">
  <testcase classname="testNG_Listener.Class_1" name="sum" time="0.003"/>
  <testcase classname="testNG_Listener.Class_1" name="testtofail" time="0.011">
    <failure type="java.lang.AssertionError" message="expected [true] but found [false]">
      <![CDATA[java.lang.AssertionError: expected [true] but found [false]
at testNG_Listener.Class_1.testtofail(Class_1.java:21)
at java.base/java.util.ArrayList.forEach(ArrayList.java:1511)
... Removed 31 stack frames]]>
    </failure>
  </testcase> <!-- testtofail -->
</testsuite> <!-- Listeners -->
