<?xml version="1.0" encoding="UTF-8"?>
<!-- Generated by org.testng.reporters.JUnitXMLReporter -->
<testsuite ignored="2" hostname="DESKTOP-CP4E9UP" failures="0" tests="1" name="Personal Loan" time="0.079" errors="0" timestamp="2022-08-02T11:01:26 IST">
  <testcase classname="testng_group.Personal_loan" name="WebLoginPersonalLoan" time="0.01"/>
  <testcase classname="testng_group.Personal_loan" name="MobileLoginPersonalLoan" time="0.0">
    <ignored/>
  </testcase> <!-- MobileLoginPersonalLoan -->
  <testcase classname="testng_group.Personal_loan" name="APILoginPersonalLoan" time="0.0">
    <ignored/>
  </testcase> <!-- APILoginPersonalLoan -->
</testsuite> <!-- Personal Loan -->
