<?xml version="1.0" encoding="UTF-8"?>
<testng-results ignored="0" total="2" passed="2" failed="0" skipped="0">
  <reporter-output>
  </reporter-output>
  <suite started-at="2022-02-22T16:24:23 IST" name="Default suite" finished-at="2022-02-22T16:24:23 IST" duration-ms="90">
    <groups>
    </groups>
    <test started-at="2022-02-22T16:24:23 IST" name="Default test" finished-at="2022-02-22T16:24:23 IST" duration-ms="90">
      <class name="TestNG.TC_01">
        <test-method is-config="true" signature="runseleniumserver()[pri:0, instance:TestNG.TC_01@4ac3c60d]" started-at="2022-02-22T16:24:23 IST" name="runseleniumserver" finished-at="2022-02-22T16:24:23 IST" duration-ms="15" status="PASS">
          <reporter-output>
          </reporter-output>
        </test-method> <!-- runseleniumserver -->
        <test-method is-config="true" signature="opendbconnection()[pri:0, instance:TestNG.TC_01@4ac3c60d]" started-at="2022-02-22T16:24:23 IST" name="opendbconnection" finished-at="2022-02-22T16:24:23 IST" duration-ms="3" status="PASS">
          <reporter-output>
          </reporter-output>
        </test-method> <!-- opendbconnection -->
        <test-method is-config="true" signature="openbrowser()[pri:0, instance:TestNG.TC_01@4ac3c60d]" started-at="2022-02-22T16:24:23 IST" name="openbrowser" finished-at="2022-02-22T16:24:23 IST" duration-ms="1" status="PASS">
          <reporter-output>
          </reporter-output>
        </test-method> <!-- openbrowser -->
        <test-method signature="testformfill()[pri:0, instance:TestNG.TC_01@4ac3c60d]" started-at="2022-02-22T16:24:23 IST" name="testformfill" finished-at="2022-02-22T16:24:23 IST" duration-ms="12" status="PASS">
          <reporter-output>
          </reporter-output>
        </test-method> <!-- testformfill -->
        <test-method is-config="true" signature="closebrowser()[pri:0, instance:TestNG.TC_01@4ac3c60d]" started-at="2022-02-22T16:24:23 IST" name="closebrowser" finished-at="2022-02-22T16:24:23 IST" duration-ms="1" status="PASS">
          <reporter-output>
          </reporter-output>
        </test-method> <!-- closebrowser -->
        <test-method is-config="true" signature="openbrowser()[pri:0, instance:TestNG.TC_01@4ac3c60d]" started-at="2022-02-22T16:24:23 IST" name="openbrowser" finished-at="2022-02-22T16:24:23 IST" duration-ms="0" status="PASS">
          <reporter-output>
          </reporter-output>
        </test-method> <!-- openbrowser -->
        <test-method signature="testlogin()[pri:0, instance:TestNG.TC_01@4ac3c60d]" started-at="2022-02-22T16:24:23 IST" name="testlogin" finished-at="2022-02-22T16:24:23 IST" duration-ms="4" status="PASS">
          <reporter-output>
          </reporter-output>
        </test-method> <!-- testlogin -->
        <test-method is-config="true" signature="closebrowser()[pri:0, instance:TestNG.TC_01@4ac3c60d]" started-at="2022-02-22T16:24:23 IST" name="closebrowser" finished-at="2022-02-22T16:24:23 IST" duration-ms="1" status="PASS">
          <reporter-output>
          </reporter-output>
        </test-method> <!-- closebrowser -->
        <test-method is-config="true" signature="closedbconnection()[pri:0, instance:TestNG.TC_01@4ac3c60d]" started-at="2022-02-22T16:24:23 IST" name="closedbconnection" finished-at="2022-02-22T16:24:23 IST" duration-ms="2" status="PASS">
          <reporter-output>
          </reporter-output>
        </test-method> <!-- closedbconnection -->
        <test-method is-config="true" signature="stopseleniumserver()[pri:0, instance:TestNG.TC_01@4ac3c60d]" started-at="2022-02-22T16:24:24 IST" name="stopseleniumserver" finished-at="2022-02-22T16:24:24 IST" duration-ms="1" status="PASS">
          <reporter-output>
          </reporter-output>
        </test-method> <!-- stopseleniumserver -->
      </class> <!-- TestNG.TC_01 -->
    </test> <!-- Default test -->
  </suite> <!-- Default suite -->
</testng-results>
